{"F:\\vue\\movies\\app\\app.vue": {"path":"F:\\vue\\movies\\app\\app.vue","statementMap":{"0":{"start":{"line":4,"column":0},"end":{"line":4,"column":null}},"1":{"start":{"line":6,"column":6},"end":{"line":6,"column":null}},"2":{"start":{"line":7,"column":14},"end":{"line":7,"column":null}},"3":{"start":{"line":8,"column":14},"end":{"line":9,"column":null}},"4":{"start":{"line":9,"column":0},"end":{"line":9,"column":null}},"5":{"start":{"line":15,"column":11},"end":{"line":15,"column":null}},"6":{"start":{"line":16,"column":13},"end":{"line":16,"column":null}},"7":{"start":{"line":18,"column":15},"end":{"line":18,"column":null}},"8":{"start":{"line":24,"column":13},"end":{"line":24,"column":null}},"9":{"start":{"line":25,"column":45},"end":{"line":34,"column":null}},"10":{"start":{"line":13,"column":2},"end":{"line":13,"column":null}},"11":{"start":{"line":32,"column":13},"end":{"line":32,"column":null}},"12":{"start":{"line":32,"column":13},"end":{"line":35,"column":null}},"13":{"start":{"line":17,"column":67},"end":{"line":17,"column":89}},"14":{"start":{"line":19,"column":107},"end":{"line":19,"column":122}},"15":{"start":{"line":20,"column":113},"end":{"line":20,"column":129}},"16":{"start":{"line":29,"column":95},"end":{"line":29,"column":118}}},"fnMap":{"0":{"name":"(anonymous_0)","decl":{"start":{"line":3,"column":0},"end":{"line":3,"column":6}},"loc":{"start":{"line":3,"column":26},"end":{"line":9,"column":null}},"line":3},"1":{"name":"(anonymous_1)","decl":{"start":{"line":8,"column":14},"end":{"line":8,"column":22}},"loc":{"start":{"line":8,"column":14},"end":{"line":9,"column":null}},"line":8},"2":{"name":"(anonymous_2)","decl":{"start":{"line":17,"column":67},"end":{"line":17,"column":78}},"loc":{"start":{"line":17,"column":67},"end":{"line":17,"column":89}},"line":17},"3":{"name":"(anonymous_3)","decl":{"start":{"line":19,"column":107},"end":{"line":19,"column":111}},"loc":{"start":{"line":19,"column":107},"end":{"line":19,"column":122}},"line":19},"4":{"name":"(anonymous_4)","decl":{"start":{"line":20,"column":113},"end":{"line":20,"column":118}},"loc":{"start":{"line":20,"column":113},"end":{"line":20,"column":129}},"line":20},"5":{"name":"(anonymous_5)","decl":{"start":{"line":29,"column":95},"end":{"line":29,"column":107}},"loc":{"start":{"line":29,"column":95},"end":{"line":29,"column":118}},"line":29}},"branchMap":{"0":{"loc":{"start":{"line":17,"column":67},"end":{"line":17,"column":89}},"type":"binary-expr","locations":[{"start":{"line":17,"column":67},"end":{"line":17,"column":78}},{"start":{"line":17,"column":67},"end":{"line":17,"column":89}}],"line":17},"1":{"loc":{"start":{"line":19,"column":107},"end":{"line":19,"column":122}},"type":"binary-expr","locations":[{"start":{"line":19,"column":107},"end":{"line":19,"column":111}},{"start":{"line":19,"column":107},"end":{"line":19,"column":122}}],"line":19},"2":{"loc":{"start":{"line":20,"column":113},"end":{"line":20,"column":129}},"type":"binary-expr","locations":[{"start":{"line":20,"column":113},"end":{"line":20,"column":118}},{"start":{"line":20,"column":113},"end":{"line":20,"column":129}}],"line":20},"3":{"loc":{"start":{"line":25,"column":85},"end":{"line":28,"column":null}},"type":"cond-expr","locations":[{"start":{"line":25,"column":85},"end":{"line":28,"column":null}},{"start":{"line":28,"column":139},"end":{"line":28,"column":null}}],"line":25},"4":{"loc":{"start":{"line":25,"column":85},"end":{"line":26,"column":48}},"type":"binary-expr","locations":[{"start":{"line":25,"column":85},"end":{"line":26,"column":48}},{"start":{"line":26,"column":22},"end":{"line":26,"column":48}}],"line":25},"5":{"loc":{"start":{"line":28,"column":42},"end":{"line":29,"column":118}},"type":"cond-expr","locations":[{"start":{"line":28,"column":49},"end":{"line":29,"column":39}},{"start":{"line":29,"column":30},"end":{"line":29,"column":118}}],"line":28},"6":{"loc":{"start":{"line":29,"column":95},"end":{"line":29,"column":118}},"type":"binary-expr","locations":[{"start":{"line":29,"column":95},"end":{"line":29,"column":107}},{"start":{"line":29,"column":95},"end":{"line":29,"column":118}}],"line":29}},"s":{"0":0,"1":0,"2":0,"3":0,"4":0,"5":1,"6":1,"7":1,"8":1,"9":1,"10":0,"11":0,"12":0,"13":0,"14":0,"15":0,"16":0},"f":{"0":0,"1":0,"2":0,"3":0,"4":0,"5":0},"b":{"0":[0,0],"1":[0,0],"2":[0,0],"3":[0,0],"4":[0,0],"5":[0,0],"6":[0,0]},"meta":{"lastBranch":7,"lastFunction":6,"lastStatement":17,"seen":{"f:3:0:3:6":0,"s:4:0:4:Infinity":0,"s:6:6:6:Infinity":1,"s:7:14:7:Infinity":2,"s:8:14:9:Infinity":3,"f:8:14:8:22":1,"s:9:0:9:Infinity":4,"s:15:11:15:Infinity":5,"s:16:13:16:Infinity":6,"s:18:15:18:Infinity":7,"s:24:13:24:Infinity":8,"s:25:45:34:Infinity":9,"s:13:2:13:Infinity":10,"s:32:13:32:Infinity":11,"s:32:13:35:Infinity":12,"f:17:67:17:78":2,"s:17:67:17:89":13,"b:17:67:17:78:17:67:17:89":0,"f:19:107:19:111":3,"s:19:107:19:122":14,"b:19:107:19:111:19:107:19:122":1,"f:20:113:20:118":4,"s:20:113:20:129":15,"b:20:113:20:118:20:113:20:129":2,"b:25:85:28:Infinity:28:139:28:Infinity":3,"b:25:85:26:48:26:22:26:48":4,"b:28:49:29:39:29:30:29:118":5,"f:29:95:29:107":5,"s:29:95:29:118":16,"b:29:95:29:107:29:95:29:118":6}}}
,"F:\\vue\\movies\\app\\assets\\css\\tailwind.css": {"path":"F:\\vue\\movies\\app\\assets\\css\\tailwind.css","statementMap":{},"fnMap":{},"branchMap":{},"s":{},"f":{},"b":{},"meta":{"lastBranch":0,"lastFunction":0,"lastStatement":0,"seen":{}}}
,"F:\\vue\\movies\\app\\middleware\\auth.global.ts": {"path":"F:\\vue\\movies\\app\\middleware\\auth.global.ts","statementMap":{"0":{"start":{"line":2,"column":8},"end":{"line":2,"column":null}},"1":{"start":{"line":4,"column":2},"end":{"line":6,"column":null}},"2":{"start":{"line":5,"column":4},"end":{"line":5,"column":null}}},"fnMap":{"0":{"name":"(anonymous_0)","decl":{"start":{"line":1,"column":41},"end":{"line":1,"column":42}},"loc":{"start":{"line":1,"column":49},"end":{"line":7,"column":1}},"line":1}},"branchMap":{"0":{"loc":{"start":{"line":4,"column":2},"end":{"line":6,"column":null}},"type":"if","locations":[{"start":{"line":4,"column":2},"end":{"line":6,"column":null}},{"start":{},"end":{}}],"line":4},"1":{"loc":{"start":{"line":4,"column":6},"end":{"line":4,"column":67}},"type":"binary-expr","locations":[{"start":{"line":4,"column":6},"end":{"line":4,"column":26}},{"start":{"line":4,"column":26},"end":{"line":4,"column":50}},{"start":{"line":4,"column":50},"end":{"line":4,"column":67}}],"line":4}},"s":{"0":1,"1":1,"2":0},"f":{"0":1},"b":{"0":[0,1],"1":[1,1,1]},"meta":{"lastBranch":2,"lastFunction":1,"lastStatement":3,"seen":{"f:1:41:1:42":0,"s:2:8:2:Infinity":0,"b:4:2:6:Infinity:undefined:undefined:undefined:undefined":0,"s:4:2:6:Infinity":1,"b:4:6:4:26:4:26:4:50:4:50:4:67":1,"s:5:4:5:Infinity":2}}}
,"F:\\vue\\movies\\app\\pages\\Test.vue": {"path":"F:\\vue\\movies\\app\\pages\\Test.vue","statementMap":{},"fnMap":{},"branchMap":{},"s":{},"f":{},"b":{},"meta":{"lastBranch":0,"lastFunction":0,"lastStatement":0,"seen":{}}}
,"F:\\vue\\movies\\app\\pages\\index.vue": {"path":"F:\\vue\\movies\\app\\pages\\index.vue","statementMap":{"0":{"start":{"line":12,"column":0},"end":{"line":12,"column":null}},"1":{"start":{"line":25,"column":22},"end":{"line":25,"column":null}},"2":{"start":{"line":41,"column":17},"end":{"line":41,"column":69}},"3":{"start":{"line":42,"column":17},"end":{"line":42,"column":null}},"4":{"start":{"line":44,"column":22},"end":{"line":44,"column":45}},"5":{"start":{"line":18,"column":2},"end":{"line":18,"column":null}},"6":{"start":{"line":19,"column":4},"end":{"line":19,"column":8}},"7":{"start":{"line":19,"column":71},"end":{"line":19,"column":null}},"8":{"start":{"line":19,"column":71},"end":{"line":34,"column":null}},"9":{"start":{"line":26,"column":64},"end":{"line":34,"column":null}},"10":{"start":{"line":30,"column":26},"end":{"line":34,"column":null}},"11":{"start":{"line":40,"column":83},"end":{"line":34,"column":null}}},"fnMap":{"0":{"name":"(anonymous_0)","decl":{"start":{"line":11,"column":0},"end":{"line":11,"column":7}},"loc":{"start":{"line":11,"column":31},"end":{"line":13,"column":null}},"line":11},"1":{"name":"(anonymous_1)","decl":{"start":{"line":26,"column":64},"end":{"line":26,"column":null}},"loc":{"start":{"line":26,"column":64},"end":{"line":34,"column":null}},"line":26},"2":{"name":"(anonymous_2)","decl":{"start":{"line":30,"column":26},"end":{"line":30,"column":null}},"loc":{"start":{"line":30,"column":26},"end":{"line":34,"column":null}},"line":30},"3":{"name":"(anonymous_3)","decl":{"start":{"line":40,"column":83},"end":{"line":40,"column":null}},"loc":{"start":{"line":40,"column":83},"end":{"line":34,"column":null}},"line":40}},"branchMap":{"0":{"loc":{"start":{"line":19,"column":39},"end":{"line":23,"column":null}},"type":"binary-expr","locations":[{"start":{"line":19,"column":39},"end":{"line":19,"column":66}},{"start":{"line":19,"column":40},"end":{"line":23,"column":null}}],"line":19},"1":{"loc":{"start":{"line":23,"column":59},"end":{"line":34,"column":null}},"type":"cond-expr","locations":[{"start":{"line":23,"column":34},"end":{"line":23,"column":59}},{"start":{"line":23,"column":50},"end":{"line":34,"column":null}}],"line":23},"2":{"loc":{"start":{"line":23,"column":50},"end":{"line":34,"column":null}},"type":"cond-expr","locations":[{"start":{"line":23,"column":50},"end":{"line":49,"column":null}},{"start":{"line":49,"column":12},"end":{"line":34,"column":null}}],"line":23}},"s":{"0":0,"1":1,"2":1,"3":1,"4":1,"5":0,"6":0,"7":0,"8":0,"9":0,"10":0,"11":0},"f":{"0":0,"1":0,"2":0,"3":0},"b":{"0":[0,0],"1":[0,0],"2":[0,0]},"meta":{"lastBranch":0,"lastFunction":0,"lastStatement":0,"seen":{}}}
,"F:\\vue\\movies\\app\\pages\\login.vue": {"path":"F:\\vue\\movies\\app\\pages\\login.vue","statementMap":{"0":{"start":{"line":2,"column":0},"end":{"line":2,"column":null}}},"fnMap":{},"branchMap":{},"s":{"0":1},"f":{},"b":{},"meta":{"lastBranch":0,"lastFunction":0,"lastStatement":1,"seen":{"s:2:0:2:Infinity":0}}}
,"F:\\vue\\movies\\app\\pages\\movies.vue": {"path":"F:\\vue\\movies\\app\\pages\\movies.vue","statementMap":{},"fnMap":{},"branchMap":{},"s":{},"f":{},"b":{},"meta":{"lastBranch":0,"lastFunction":0,"lastStatement":0,"seen":{}}}
,"F:\\vue\\movies\\app\\pages\\movie\\[id].vue": {"path":"F:\\vue\\movies\\app\\pages\\movie\\[id].vue","statementMap":{},"fnMap":{},"branchMap":{},"s":{},"f":{},"b":{},"meta":{"lastBranch":0,"lastFunction":0,"lastStatement":0,"seen":{}}}
,"F:\\vue\\movies\\app\\plugins\\floating-vue.ts": {"path":"F:\\vue\\movies\\app\\plugins\\floating-vue.ts","statementMap":{"0":{"start":{"line":6,"column":15},"end":{"line":10,"column":null}},"1":{"start":{"line":13,"column":2},"end":{"line":13,"column":null}},"2":{"start":{"line":15,"column":2},"end":{"line":15,"column":null}}},"fnMap":{"0":{"name":"(anonymous_0)","decl":{"start":{"line":12,"column":32},"end":{"line":12,"column":33}},"loc":{"start":{"line":12,"column":50},"end":{"line":16,"column":1}},"line":12}},"branchMap":{},"s":{"0":1,"1":0,"2":0},"f":{"0":0},"b":{},"meta":{"lastBranch":0,"lastFunction":1,"lastStatement":3,"seen":{"s:6:15:10:Infinity":0,"f:12:32:12:33":0,"s:13:2:13:Infinity":1,"s:15:2:15:Infinity":2}}}
,"F:\\vue\\movies\\app\\stores\\auth.ts": {"path":"F:\\vue\\movies\\app\\stores\\auth.ts","statementMap":{"0":{"start":{"line":1,"column":13},"end":{"line":22,"column":null}},"1":{"start":{"line":2,"column":8},"end":{"line":5,"column":null}},"2":{"start":{"line":7,"column":8},"end":{"line":7,"column":null}},"3":{"start":{"line":8,"column":8},"end":{"line":8,"column":null}},"4":{"start":{"line":8,"column":36},"end":{"line":8,"column":48}},"5":{"start":{"line":11,"column":21},"end":{"line":11,"column":null}},"6":{"start":{"line":12,"column":4},"end":{"line":12,"column":null}},"7":{"start":{"line":13,"column":4},"end":{"line":13,"column":null}},"8":{"start":{"line":17,"column":4},"end":{"line":17,"column":null}},"9":{"start":{"line":18,"column":4},"end":{"line":18,"column":null}},"10":{"start":{"line":21,"column":2},"end":{"line":21,"column":null}}},"fnMap":{"0":{"name":"(anonymous_0)","decl":{"start":{"line":1,"column":48},"end":{"line":1,"column":54}},"loc":{"start":{"line":1,"column":54},"end":{"line":22,"column":1}},"line":1},"1":{"name":"(anonymous_1)","decl":{"start":{"line":8,"column":30},"end":{"line":8,"column":36}},"loc":{"start":{"line":8,"column":36},"end":{"line":8,"column":48}},"line":8},"2":{"name":"login","decl":{"start":{"line":10,"column":11},"end":{"line":10,"column":17}},"loc":{"start":{"line":10,"column":35},"end":{"line":14,"column":null}},"line":10},"3":{"name":"logout","decl":{"start":{"line":16,"column":11},"end":{"line":16,"column":20}},"loc":{"start":{"line":16,"column":20},"end":{"line":19,"column":null}},"line":16}},"branchMap":{"0":{"loc":{"start":{"line":7,"column":24},"end":{"line":7,"column":48}},"type":"binary-expr","locations":[{"start":{"line":7,"column":24},"end":{"line":7,"column":44}},{"start":{"line":7,"column":44},"end":{"line":7,"column":48}}],"line":7}},"s":{"0":1,"1":1,"2":1,"3":1,"4":1,"5":0,"6":0,"7":0,"8":0,"9":0,"10":1},"f":{"0":1,"1":1,"2":0,"3":0},"b":{"0":[1,1]},"meta":{"lastBranch":1,"lastFunction":4,"lastStatement":11,"seen":{"s:1:13:22:Infinity":0,"f:1:48:1:54":0,"s:2:8:5:Infinity":1,"s:7:8:7:Infinity":2,"b:7:24:7:44:7:44:7:48":0,"s:8:8:8:Infinity":3,"f:8:30:8:36":1,"s:8:36:8:48":4,"f:10:11:10:17":2,"s:11:21:11:Infinity":5,"s:12:4:12:Infinity":6,"s:13:4:13:Infinity":7,"f:16:11:16:20":3,"s:17:4:17:Infinity":8,"s:18:4:18:Infinity":9,"s:21:2:21:Infinity":10}}}
,"F:\\vue\\movies\\app\\utils\\formatReleaseDate.ts": {"path":"F:\\vue\\movies\\app\\utils\\formatReleaseDate.ts","statementMap":{"0":{"start":{"line":2,"column":17},"end":{"line":2,"column":null}},"1":{"start":{"line":3,"column":2},"end":{"line":9,"column":null}}},"fnMap":{"0":{"name":"formatReleaseDate","decl":{"start":{"line":1,"column":24},"end":{"line":1,"column":42}},"loc":{"start":{"line":1,"column":63},"end":{"line":10,"column":1}},"line":1}},"branchMap":{"0":{"loc":{"start":{"line":3,"column":9},"end":{"line":9,"column":null}},"type":"cond-expr","locations":[{"start":{"line":4,"column":6},"end":{"line":4,"column":null}},{"start":{"line":5,"column":6},"end":{"line":9,"column":null}}],"line":3}},"s":{"0":0,"1":0},"f":{"0":0},"b":{"0":[0,0]},"meta":{"lastBranch":1,"lastFunction":1,"lastStatement":2,"seen":{"f:1:24:1:42":0,"s:2:17:2:Infinity":0,"s:3:2:9:Infinity":1,"b:4:6:4:Infinity:5:6:9:Infinity":0}}}
,"F:\\vue\\movies\\app\\utils\\formatVotes.ts": {"path":"F:\\vue\\movies\\app\\utils\\formatVotes.ts","statementMap":{"0":{"start":{"line":2,"column":2},"end":{"line":2,"column":null}}},"fnMap":{"0":{"name":"formatVotes","decl":{"start":{"line":1,"column":24},"end":{"line":1,"column":36}},"loc":{"start":{"line":1,"column":58},"end":{"line":3,"column":1}},"line":1}},"branchMap":{},"s":{"0":0},"f":{"0":0},"b":{},"meta":{"lastBranch":0,"lastFunction":1,"lastStatement":1,"seen":{"f:1:24:1:36":0,"s:2:2:2:Infinity":0}}}
,"F:\\vue\\movies\\app\\utils\\truncateOverview.ts": {"path":"F:\\vue\\movies\\app\\utils\\truncateOverview.ts","statementMap":{"0":{"start":{"line":2,"column":2},"end":{"line":2,"column":null}},"1":{"start":{"line":2,"column":35},"end":{"line":2,"column":null}},"2":{"start":{"line":4,"column":18},"end":{"line":4,"column":null}},"3":{"start":{"line":5,"column":20},"end":{"line":5,"column":null}},"4":{"start":{"line":7,"column":2},"end":{"line":9,"column":null}},"5":{"start":{"line":8,"column":4},"end":{"line":8,"column":null}},"6":{"start":{"line":11,"column":2},"end":{"line":11,"column":null}}},"fnMap":{"0":{"name":"truncateOverview","decl":{"start":{"line":1,"column":24},"end":{"line":1,"column":41}},"loc":{"start":{"line":1,"column":62},"end":{"line":12,"column":1}},"line":1}},"branchMap":{"0":{"loc":{"start":{"line":2,"column":2},"end":{"line":2,"column":null}},"type":"if","locations":[{"start":{"line":2,"column":2},"end":{"line":2,"column":null}},{"start":{},"end":{}}],"line":2},"1":{"loc":{"start":{"line":2,"column":6},"end":{"line":2,"column":35}},"type":"binary-expr","locations":[{"start":{"line":2,"column":6},"end":{"line":2,"column":15}},{"start":{"line":2,"column":15},"end":{"line":2,"column":35}}],"line":2},"2":{"loc":{"start":{"line":7,"column":2},"end":{"line":9,"column":null}},"type":"if","locations":[{"start":{"line":7,"column":2},"end":{"line":9,"column":null}},{"start":{},"end":{}}],"line":7}},"s":{"0":0,"1":0,"2":0,"3":0,"4":0,"5":0,"6":0},"f":{"0":0},"b":{"0":[0,0],"1":[0,0],"2":[0,0]},"meta":{"lastBranch":3,"lastFunction":1,"lastStatement":7,"seen":{"f:1:24:1:41":0,"b:2:2:2:Infinity:undefined:undefined:undefined:undefined":0,"s:2:2:2:Infinity":0,"b:2:6:2:15:2:15:2:35":1,"s:2:35:2:Infinity":1,"s:4:18:4:Infinity":2,"s:5:20:5:Infinity":3,"b:7:2:9:Infinity:undefined:undefined:undefined:undefined":2,"s:7:2:9:Infinity":4,"s:8:4:8:Infinity":5,"s:11:2:11:Infinity":6}}}
}
